Gregs-MacBook-Pro:examples lindahl$ ./position_and_charge.js -wcd
Teslamotors.com logon information loaded from /Users/lindahl/.teslams/config.json
object
{ shift_state: null,
  speed: null,
  latitude: 37.484113,
  longitude: -122.202697,
  heading: 188,
  gps_as_of: 1405812418 }
{ reason: '', result: true }
{ charging_state: 'Disconnected',
  charge_limit_soc: 89,
  charge_limit_soc_std: 90,
  charge_limit_soc_min: 50,
  charge_limit_soc_max: 100,
  charge_to_max_range: false,
  battery_heater_on: null,
  not_enough_power_to_heat: null,
  max_range_charge_counter: 0,
  fast_charger_present: false,
  fast_charger_type: '<invalid>',
  battery_range: 199.11,
  est_battery_range: 184.71,
  ideal_battery_range: 230.35,
  battery_level: 79,
  usable_battery_level: 79,
  battery_current: 0.1,
  charge_energy_added: 29.63,
  charge_miles_added_rated: 100.5,
  charge_miles_added_ideal: 116,
  charger_voltage: 0,
  charger_pilot_current: null,
  charger_actual_current: 0,
  charger_power: 0,
  time_to_full_charge: 0,
  charge_rate: 0,
  charge_port_door_open: false,
  scheduled_charging_start_time: null,
  scheduled_charging_pending: false,
  user_charge_enable_request: null,
  charge_enable_request: false,
  eu_vehicle: false,
  charger_phases: null }
